<?xml version="1.0" encoding="UTF-8"?>
<!-- Generated by org.testng.reporters.JUnitReportReporter -->
<testsuite hostname="DESKTOP-QDIIT7N" failures="0" tests="1" name="com.neotech.testcases.LoginTest" time="15.084" errors="0" timestamp="2023-12-13T20:50:55 PST" skipped="0">
  <testcase classname="com.neotech.testcases.LoginTest" name="validLogin" time="15.084"/>
</testsuite> <!-- com.neotech.testcases.LoginTest -->
